<?xml version="1.0" encoding="UTF-8"?>
<!-- Generated by org.testng.reporters.JUnitReportReporter -->
<testsuite hostname="Roman" name="AdpCorrectionTest" tests="2" failures="0" timestamp="18 Mar 2016 20:18:20 GMT" time="0.016" errors="0">
  <testcase name="testApdCorrection" time="0.008" classname="AdpCorrectionTest"/>
  <testcase name="testApdCorrectionMark" time="0.008" classname="AdpCorrectionTest"/>
</testsuite> <!-- AdpCorrectionTest -->
