<?xml version="1.0" encoding="UTF-8"?>
<!-- Generated by org.testng.reporters.JUnitReportReporter -->
<testsuite hostname="Roman" name="AdpViolation" tests="2" failures="0" timestamp="18 Mar 2016 20:04:52 GMT" time="0.018" errors="0">
  <testcase name="testAdpViolation" time="0.016" classname="AdpViolation"/>
  <testcase name="testAdpViolationMarks" time="0.002" classname="AdpViolation"/>
</testsuite> <!-- AdpViolation -->
