<?xml version="1.0" encoding="UTF-8"?>
<!-- Generated by org.testng.reporters.JUnitReportReporter -->
<testsuite hostname="Roman" name="principles.ocp.OcpCorrectionTest" tests="2" failures="0" timestamp="17 Mar 2016 13:24:48 GMT" time="0.002" errors="0">
  <testcase name="testOcpCorrectionDog" time="0.001" classname="principles.ocp.OcpCorrectionTest"/>
  <testcase name="testOcpCorrectionnCat" time="0.001" classname="principles.ocp.OcpCorrectionTest"/>
</testsuite> <!-- principles.ocp.OcpCorrectionTest -->
