<?xml version="1.0" encoding="UTF-8"?>
<!-- Generated by org.testng.reporters.JUnitReportReporter -->
<testsuite hostname="Roman" name="principles.dip.DipVioationTest" tests="1" failures="0" timestamp="17 Mar 2016 13:24:48 GMT" time="0.005" errors="0">
  <testcase name="testDip" time="0.005" classname="principles.dip.DipVioationTest"/>
</testsuite> <!-- principles.dip.DipVioationTest -->
