<?xml version="1.0" encoding="UTF-8"?>
<!-- Generated by org.testng.reporters.JUnitReportReporter -->
<testsuite hostname="Roman" name="principles.lsp.LspViolatioTest" tests="1" failures="0" timestamp="17 Mar 2016 13:24:48 GMT" time="0.001" errors="0">
  <testcase name="testLsp" time="0.001" classname="principles.lsp.LspViolatioTest"/>
</testsuite> <!-- principles.lsp.LspViolatioTest -->
