<?xml version="1.0" encoding="UTF-8"?>
<!-- Generated by org.testng.reporters.JUnitReportReporter -->
<testsuite hostname="Roman" name="principles.srp.violation.SrpViolatioTest" tests="1" failures="0" timestamp="17 Mar 2016 13:24:48 GMT" time="0.002" errors="0">
  <testcase name="testSrpViolation" time="0.002" classname="principles.srp.violation.SrpViolatioTest"/>
</testsuite> <!-- principles.srp.violation.SrpViolatioTest -->
