<?xml version="1.0" encoding="UTF-8"?>
<!-- Generated by org.testng.reporters.JUnitReportReporter -->
<testsuite hostname="Roman" name="principles.dip.DipCorrectionTest" tests="1" failures="0" timestamp="17 Mar 2016 13:24:48 GMT" time="0.011" errors="0">
  <testcase name="testDipCorrection" time="0.011" classname="principles.dip.DipCorrectionTest"/>
</testsuite> <!-- principles.dip.DipCorrectionTest -->
