<?xml version="1.0" encoding="UTF-8"?>
<!-- Generated by org.testng.reporters.JUnitReportReporter -->
<testsuite hostname="Roman" name="principles.isp.IspViolationTest" tests="1" failures="0" timestamp="17 Mar 2016 13:24:48 GMT" time="0.006" errors="0">
  <testcase name="testIspViolation" time="0.006" classname="principles.isp.IspViolationTest"/>
</testsuite> <!-- principles.isp.IspViolationTest -->
