<?xml version="1.0" encoding="UTF-8"?>
<!-- Generated by org.testng.reporters.JUnitReportReporter -->
<testsuite hostname="Roman" name="principles.ocp.OcpViolationTest" tests="3" failures="0" timestamp="17 Mar 2016 13:24:48 GMT" time="0.004" errors="0">
  <testcase name="testOcpViolationCat" time="0.001" classname="principles.ocp.OcpViolationTest"/>
  <testcase name="testOcpViolationDefault" time="0.001" classname="principles.ocp.OcpViolationTest"/>
  <testcase name="testOcpViolationDog" time="0.002" classname="principles.ocp.OcpViolationTest"/>
</testsuite> <!-- principles.ocp.OcpViolationTest -->
