<?xml version="1.0" encoding="UTF-8"?>
<!-- Generated by org.testng.reporters.JUnitReportReporter -->
<testsuite hostname="Roman" name="principles.lsp.LspCorrectionTest" tests="1" failures="0" timestamp="17 Mar 2016 13:24:48 GMT" time="0.005" errors="0">
  <testcase name="testLspCorrection" time="0.005" classname="principles.lsp.LspCorrectionTest"/>
</testsuite> <!-- principles.lsp.LspCorrectionTest -->
