<?xml version="1.0" encoding="UTF-8"?>
<!-- Generated by org.testng.reporters.JUnitReportReporter -->
<testsuite hostname="Roman" name="principles.plk.PlkViolationTest" tests="1" failures="0" timestamp="17 Mar 2016 13:24:48 GMT" time="0.006" errors="0">
  <testcase name="testPlkViolation" time="0.006" classname="principles.plk.PlkViolationTest"/>
</testsuite> <!-- principles.plk.PlkViolationTest -->
