<?xml version="1.0" encoding="UTF-8"?>
<!-- Generated by org.testng.reporters.JUnitReportReporter -->
<testsuite hostname="Roman" name="principles.isp.IspCorrrectioTest" tests="1" failures="0" timestamp="17 Mar 2016 13:24:48 GMT" time="0.005" errors="0">
  <testcase name="testIspCorrection" time="0.005" classname="principles.isp.IspCorrrectioTest"/>
</testsuite> <!-- principles.isp.IspCorrrectioTest -->
