<?xml version="1.0" encoding="UTF-8"?>
<!-- Generated by org.testng.reporters.JUnitReportReporter -->
<testsuite hostname="Roman" name="principles.dip.DipViolation" tests="1" failures="0" timestamp="14 Mar 2016 13:14:49 GMT" time="0.013" errors="0">
  <testcase name="testDIPViolaition" time="0.013" classname="principles.dip.DipViolation"/>
</testsuite> <!-- principles.dip.DipViolation -->
