<?xml version="1.0" encoding="UTF-8"?>
<!-- Generated by org.testng.reporters.JUnitReportReporter -->
<testsuite hostname="Roman" name="CompositionTest" tests="3" failures="0" timestamp="17 Mar 2016 12:21:59 GMT" time="0.064" errors="0">
  <testcase name="testPersonValues" time="0.001" classname="CompositionTest"/>
  <testcase name="testComposition" time="0.009" classname="CompositionTest"/>
  <testcase name="testCompositionPersonObject" time="0.054" classname="CompositionTest"/>
</testsuite> <!-- CompositionTest -->
