<?xml version="1.0" encoding="UTF-8"?>
<!-- Generated by org.testng.reporters.JUnitReportReporter -->
<testsuite hostname="Roman" name="InheritanceTest" tests="1" failures="0" timestamp="18 Mar 2016 14:04:23 GMT" time="0.030" errors="0">
  <testcase name="testInheritance" time="0.030" classname="InheritanceTest"/>
</testsuite> <!-- InheritanceTest -->
