<?xml version="1.0" encoding="UTF-8"?>
<!-- Generated by org.testng.reporters.JUnitReportReporter -->
<testsuite hostname="Roman" name="PolymorphismTest" tests="2" failures="0" timestamp="18 Mar 2016 14:04:23 GMT" time="0.002" errors="0">
  <testcase name="testPolymorphismTheory" time="0.002" classname="PolymorphismTest"/>
  <testcase name="testPolymorphism" time="0.000" classname="PolymorphismTest"/>
</testsuite> <!-- PolymorphismTest -->
