<?xml version="1.0" encoding="UTF-8"?>
<!-- Generated by org.testng.reporters.JUnitReportReporter -->
<testsuite hostname="Roman" name="EncapsulationTest" tests="1" failures="0" timestamp="18 Mar 2016 20:11:27 GMT" time="0.055" errors="0">
  <testcase name="testEncapsulation" time="0.055" classname="EncapsulationTest"/>
</testsuite> <!-- EncapsulationTest -->
